<?xml version="1.0" encoding="UTF-8"?>
<!-- Generated by org.testng.reporters.JUnitXMLReporter -->
<testsuite ignored="1" hostname="DESKTOP-M3ID0UC" failures="2" tests="3" name="Test" time="9.352" errors="0" timestamp="25 Mar 2024 06:43:11 GMT">
  <testcase classname="SeleniumPackage.FindElement" name="findElement" time="1.616">
    <failure type="org.openqa.selenium.SessionNotCreatedException" message="session not created: This version of ChromeDriver only supports Chrome version 112
Current browser version is 122.0.6261.131 with binary path C:\Program Files\Google\Chrome\Application\chrome.exe
Build info: version: &amp;apos;3.141.59&amp;apos;, revision: &amp;apos;e82be7d358&amp;apos;, time: &amp;apos;2018-11-14T08:17:03&amp;apos;
System info: host: &amp;apos;DESKTOP-M3ID0UC&amp;apos;, ip: &amp;apos;192.168.18.82&amp;apos;, os.name: &amp;apos;Windows 10&amp;apos;, os.arch: &amp;apos;amd64&amp;apos;, os.version: &amp;apos;10.0&amp;apos;, java.version: &amp;apos;17.0.1&amp;apos;
Driver info: driver.version: ChromeDriver
remote stacktrace: Backtrace:
	GetHandleVerifier [0x00685E23+53059]
	(No symbol) [0x00614AF1]
	(No symbol) [0x0050B388]
	(No symbol) [0x0052E4D0]
	(No symbol) [0x00529A85]
	(No symbol) [0x00526F39]
	(No symbol) [0x00561244]
	(No symbol) [0x00560E7C]
	(No symbol) [0x0055A5C6]
	(No symbol) [0x00530A2C]
	(No symbol) [0x005320ED]
	GetHandleVerifier [0x008ED3CE+2573550]
	GetHandleVerifier [0x00923340+2794592]
	GetHandleVerifier [0x0091CF1C+2768956]
	GetHandleVerifier [0x0071FA60+682880]
	(No symbol) [0x0061EE22]
	(No symbol) [0x0061A8B8]
	(No symbol) [0x0061A99B]
	(No symbol) [0x0060DB57]
	BaseThreadInitThunk [0x76F67BA9+25]
	RtlInitializeExceptionChain [0x77CCBD2B+107]
	RtlClearBits [0x77CCBCAF+191]
">
      <![CDATA[org.openqa.selenium.SessionNotCreatedException: session not created: This version of ChromeDriver only supports Chrome version 112
Current browser version is 122.0.6261.131 with binary path C:\Program Files\Google\Chrome\Application\chrome.exe
Build info: version: '3.141.59', revision: 'e82be7d358', time: '2018-11-14T08:17:03'
System info: host: 'DESKTOP-M3ID0UC', ip: '192.168.18.82', os.name: 'Windows 10', os.arch: 'amd64', os.version: '10.0', java.version: '17.0.1'
Driver info: driver.version: ChromeDriver
remote stacktrace: Backtrace:
GetHandleVerifier [0x00685E23+53059]
(No symbol) [0x00614AF1]
(No symbol) [0x0050B388]
(No symbol) [0x0052E4D0]
(No symbol) [0x00529A85]
(No symbol) [0x00526F39]
(No symbol) [0x00561244]
(No symbol) [0x00560E7C]
(No symbol) [0x0055A5C6]
(No symbol) [0x00530A2C]
(No symbol) [0x005320ED]
GetHandleVerifier [0x008ED3CE+2573550]
GetHandleVerifier [0x00923340+2794592]
GetHandleVerifier [0x0091CF1C+2768956]
GetHandleVerifier [0x0071FA60+682880]
(No symbol) [0x0061EE22]
(No symbol) [0x0061A8B8]
(No symbol) [0x0061A99B]
(No symbol) [0x0060DB57]
BaseThreadInitThunk [0x76F67BA9+25]
RtlInitializeExceptionChain [0x77CCBD2B+107]
RtlClearBits [0x77CCBCAF+191]

at org.openqa.selenium.remote.W3CHandshakeResponse.lambda$errorHandler$0(W3CHandshakeResponse.java:62)
at org.openqa.selenium.remote.HandshakeResponse.lambda$getResponseFunction$0(HandshakeResponse.java:30)
at org.openqa.selenium.remote.ProtocolHandshake.lambda$createSession$0(ProtocolHandshake.java:126)
at java.base/java.util.stream.ReferencePipeline$3$1.accept(ReferencePipeline.java:197)
at java.base/java.util.Spliterators$ArraySpliterator.tryAdvance(Spliterators.java:1002)
at java.base/java.util.stream.ReferencePipeline.forEachWithCancel(ReferencePipeline.java:129)
at java.base/java.util.stream.AbstractPipeline.copyIntoWithCancel(AbstractPipeline.java:527)
at java.base/java.util.stream.AbstractPipeline.copyInto(AbstractPipeline.java:513)
at java.base/java.util.stream.AbstractPipeline.wrapAndCopyInto(AbstractPipeline.java:499)
at java.base/java.util.stream.FindOps$FindOp.evaluateSequential(FindOps.java:150)
at java.base/java.util.stream.AbstractPipeline.evaluate(AbstractPipeline.java:234)
at java.base/java.util.stream.ReferencePipeline.findFirst(ReferencePipeline.java:647)
at org.openqa.selenium.remote.ProtocolHandshake.createSession(ProtocolHandshake.java:128)
at org.openqa.selenium.remote.ProtocolHandshake.createSession(ProtocolHandshake.java:74)
at org.openqa.selenium.remote.HttpCommandExecutor.execute(HttpCommandExecutor.java:136)
at org.openqa.selenium.remote.service.DriverCommandExecutor.execute(DriverCommandExecutor.java:83)
at org.openqa.selenium.remote.RemoteWebDriver.execute(RemoteWebDriver.java:552)
at org.openqa.selenium.remote.RemoteWebDriver.startSession(RemoteWebDriver.java:213)
at org.openqa.selenium.remote.RemoteWebDriver.<init>(RemoteWebDriver.java:131)
at org.openqa.selenium.chrome.ChromeDriver.<init>(ChromeDriver.java:181)
at org.openqa.selenium.chrome.ChromeDriver.<init>(ChromeDriver.java:168)
at org.openqa.selenium.chrome.ChromeDriver.<init>(ChromeDriver.java:123)
at SeleniumPackage.FindElement.findElement(FindElement.java:16)
... Removed 30 stack frames]]>
    </failure>
  </testcase> <!-- findElement -->
  <testcase classname="SeleniumPackage.Input" name="input" time="0.793">
    <failure type="org.openqa.selenium.SessionNotCreatedException" message="session not created: This version of ChromeDriver only supports Chrome version 112
Current browser version is 122.0.6261.131 with binary path C:\Program Files\Google\Chrome\Application\chrome.exe
Build info: version: &amp;apos;3.141.59&amp;apos;, revision: &amp;apos;e82be7d358&amp;apos;, time: &amp;apos;2018-11-14T08:17:03&amp;apos;
System info: host: &amp;apos;DESKTOP-M3ID0UC&amp;apos;, ip: &amp;apos;192.168.18.82&amp;apos;, os.name: &amp;apos;Windows 10&amp;apos;, os.arch: &amp;apos;amd64&amp;apos;, os.version: &amp;apos;10.0&amp;apos;, java.version: &amp;apos;17.0.1&amp;apos;
Driver info: driver.version: ChromeDriver
remote stacktrace: Backtrace:
	GetHandleVerifier [0x00685E23+53059]
	(No symbol) [0x00614AF1]
	(No symbol) [0x0050B388]
	(No symbol) [0x0052E4D0]
	(No symbol) [0x00529A85]
	(No symbol) [0x00526F39]
	(No symbol) [0x00561244]
	(No symbol) [0x00560E7C]
	(No symbol) [0x0055A5C6]
	(No symbol) [0x00530A2C]
	(No symbol) [0x005320ED]
	GetHandleVerifier [0x008ED3CE+2573550]
	GetHandleVerifier [0x00923340+2794592]
	GetHandleVerifier [0x0091CF1C+2768956]
	GetHandleVerifier [0x0071FA60+682880]
	(No symbol) [0x0061EE22]
	(No symbol) [0x0061A8B8]
	(No symbol) [0x0061A99B]
	(No symbol) [0x0060DB57]
	BaseThreadInitThunk [0x76F67BA9+25]
	RtlInitializeExceptionChain [0x77CCBD2B+107]
	RtlClearBits [0x77CCBCAF+191]
">
      <![CDATA[org.openqa.selenium.SessionNotCreatedException: session not created: This version of ChromeDriver only supports Chrome version 112
Current browser version is 122.0.6261.131 with binary path C:\Program Files\Google\Chrome\Application\chrome.exe
Build info: version: '3.141.59', revision: 'e82be7d358', time: '2018-11-14T08:17:03'
System info: host: 'DESKTOP-M3ID0UC', ip: '192.168.18.82', os.name: 'Windows 10', os.arch: 'amd64', os.version: '10.0', java.version: '17.0.1'
Driver info: driver.version: ChromeDriver
remote stacktrace: Backtrace:
GetHandleVerifier [0x00685E23+53059]
(No symbol) [0x00614AF1]
(No symbol) [0x0050B388]
(No symbol) [0x0052E4D0]
(No symbol) [0x00529A85]
(No symbol) [0x00526F39]
(No symbol) [0x00561244]
(No symbol) [0x00560E7C]
(No symbol) [0x0055A5C6]
(No symbol) [0x00530A2C]
(No symbol) [0x005320ED]
GetHandleVerifier [0x008ED3CE+2573550]
GetHandleVerifier [0x00923340+2794592]
GetHandleVerifier [0x0091CF1C+2768956]
GetHandleVerifier [0x0071FA60+682880]
(No symbol) [0x0061EE22]
(No symbol) [0x0061A8B8]
(No symbol) [0x0061A99B]
(No symbol) [0x0060DB57]
BaseThreadInitThunk [0x76F67BA9+25]
RtlInitializeExceptionChain [0x77CCBD2B+107]
RtlClearBits [0x77CCBCAF+191]

at org.openqa.selenium.remote.W3CHandshakeResponse.lambda$errorHandler$0(W3CHandshakeResponse.java:62)
at org.openqa.selenium.remote.HandshakeResponse.lambda$getResponseFunction$0(HandshakeResponse.java:30)
at org.openqa.selenium.remote.ProtocolHandshake.lambda$createSession$0(ProtocolHandshake.java:126)
at java.base/java.util.stream.ReferencePipeline$3$1.accept(ReferencePipeline.java:197)
at java.base/java.util.Spliterators$ArraySpliterator.tryAdvance(Spliterators.java:1002)
at java.base/java.util.stream.ReferencePipeline.forEachWithCancel(ReferencePipeline.java:129)
at java.base/java.util.stream.AbstractPipeline.copyIntoWithCancel(AbstractPipeline.java:527)
at java.base/java.util.stream.AbstractPipeline.copyInto(AbstractPipeline.java:513)
at java.base/java.util.stream.AbstractPipeline.wrapAndCopyInto(AbstractPipeline.java:499)
at java.base/java.util.stream.FindOps$FindOp.evaluateSequential(FindOps.java:150)
at java.base/java.util.stream.AbstractPipeline.evaluate(AbstractPipeline.java:234)
at java.base/java.util.stream.ReferencePipeline.findFirst(ReferencePipeline.java:647)
at org.openqa.selenium.remote.ProtocolHandshake.createSession(ProtocolHandshake.java:128)
at org.openqa.selenium.remote.ProtocolHandshake.createSession(ProtocolHandshake.java:74)
at org.openqa.selenium.remote.HttpCommandExecutor.execute(HttpCommandExecutor.java:136)
at org.openqa.selenium.remote.service.DriverCommandExecutor.execute(DriverCommandExecutor.java:83)
at org.openqa.selenium.remote.RemoteWebDriver.execute(RemoteWebDriver.java:552)
at org.openqa.selenium.remote.RemoteWebDriver.startSession(RemoteWebDriver.java:213)
at org.openqa.selenium.remote.RemoteWebDriver.<init>(RemoteWebDriver.java:131)
at org.openqa.selenium.chrome.ChromeDriver.<init>(ChromeDriver.java:181)
at org.openqa.selenium.chrome.ChromeDriver.<init>(ChromeDriver.java:168)
at org.openqa.selenium.chrome.ChromeDriver.<init>(ChromeDriver.java:123)
at SeleniumPackage.Input.input(Input.java:16)
... Removed 30 stack frames]]>
    </failure>
  </testcase> <!-- input -->
  <testcase classname="SeleniumPackage.WebTable" name="checkBox" time="0.342"/>
  <testcase classname="SeleniumPackage.WebTable" name="webTableAddPrice" time="0.0">
    <ignored/>
  </testcase> <!-- webTableAddPrice -->
</testsuite> <!-- Test -->
